d:\projects-f\graflarda en kısa yol ağacı(2016 nısan)\prolab\debug\vc120.pdb
d:\projects-f\graflarda en kısa yol ağacı(2016 nısan)\prolab\debug\myform.obj
d:\projects-f\graflarda en kısa yol ağacı(2016 nısan)\prolab\debug\.netframework,versıon=v4.5.assemblyattrıbutes.obj
c:\users\onur\documents\vısual studıo 2013\projects\prolab\debug\prolab.exe
c:\users\onur\documents\vısual studıo 2013\projects\prolab\debug\prolab.pdb
d:\projects-f\prolab projects\graflarda en kısa yol ağacı\debug\prolab.exe
d:\projects-f\prolab projects\graflarda en kısa yol ağacı\debug\prolab.pdb
d:\projects-f\prolab projects\graflarda en kısa yol ağacı(2016 nısan)\debug\prolab.exe
d:\projects-f\prolab projects\graflarda en kısa yol ağacı(2016 nısan)\debug\prolab.pdb
d:\projects-f\graflarda en kısa yol ağacı(2016 nısan)\debug\prolab.exe
d:\projects-f\graflarda en kısa yol ağacı(2016 nısan)\debug\prolab.pdb
c:\users\onur\documents\vısual studıo 2013\projects\prolab\prolab\debug\prolab.tlog\metagen.wrıte.1.tlog
d:\projects-f\prolab projects\graflarda en kısa yol ağacı\prolab\debug\prolab.tlog\metagen.wrıte.1.tlog
d:\projects-f\prolab projects\graflarda en kısa yol ağacı(2016 nısan)\prolab\debug\prolab.tlog\metagen.wrıte.1.tlog
d:\projects-f\graflarda en kısa yol ağacı(2016 nısan)\prolab\debug\prolab.tlog\metagen.wrıte.1.tlog
c:\users\onur\documents\visual studio 2013\projects\prolab\prolab\debug\prolab.myform.resources
d:\projects-f\prolab projects\graflarda en kısa yol ağacı\prolab\debug\prolab.myform.resources
d:\projects-f\prolab projects\graflarda en kısa yol ağacı(2016 nisan)\prolab\debug\prolab.myform.resources
d:\projects-f\graflarda en kısa yol ağacı(2016 nisan)\prolab\debug\prolab.myform.resources
d:\projects\development_on_git\computing-the-shortest-path-on-graph\prolab\debug\prolab.vcxproj.generateresource.cache
d:\projects\development_on_git\computing-the-shortest-path-on-graph\prolab\debug\prolab.vcxprojresolveassemblyreference.cache
d:\projects\development_on_git\computing-the-shortest-path-on-graph\prolab\debug\myform.obj
d:\projects\development_on_git\computing-the-shortest-path-on-graph\prolab\debug\prolab.myform.resources
d:\projects\development_on_git\computing-the-shortest-path-on-graph\prolab\debug\vc120.pdb
d:\projects\development_on_git\computing-the-shortest-path-on-graph\debug\prolab.pdb
d:\projects\development_on_git\computing-the-shortest-path-on-graph\debug\prolab.exe
d:\projects\development_on_git\computing-the-shortest-path-on-graph\prolab\debug\prolab.tlog\cl.command.1.tlog
d:\projects\development_on_git\computing-the-shortest-path-on-graph\prolab\debug\prolab.tlog\cl.read.1.tlog
d:\projects\development_on_git\computing-the-shortest-path-on-graph\prolab\debug\prolab.tlog\cl.write.1.tlog
d:\projects\development_on_git\computing-the-shortest-path-on-graph\prolab\debug\prolab.tlog\link.command.1.tlog
d:\projects\development_on_git\computing-the-shortest-path-on-graph\prolab\debug\prolab.tlog\link.read.1.tlog
d:\projects\development_on_git\computing-the-shortest-path-on-graph\prolab\debug\prolab.tlog\link.write.1.tlog
d:\projects\development_on_git\computing-the-shortest-path-on-graph\prolab\debug\prolab.tlog\metagen.read.1.tlog
d:\projects\development_on_git\computing-the-shortest-path-on-graph\prolab\debug\prolab.tlog\metagen.write.1.tlog
d:\projects\development_on_git\computing-the-shortest-path-on-graph\prolab\debug\prolab.tlog\prolab.write.1u.tlog
d:\projects\development_on_git\computing-the-shortest-path-on-graph\prolab\debug\prolab.tlog\mscorlıb.dll.metagen
d:\projects\development_on_git\computing-the-shortest-path-on-graph\prolab\debug\prolab.tlog\system.data.dll.metagen
d:\projects\development_on_git\computing-the-shortest-path-on-graph\prolab\debug\prolab.tlog\system.dırectoryservıces.dll.metagen
d:\projects\development_on_git\computing-the-shortest-path-on-graph\prolab\debug\prolab.tlog\system.dll.metagen
d:\projects\development_on_git\computing-the-shortest-path-on-graph\prolab\debug\prolab.tlog\system.drawıng.dll.metagen
d:\projects\development_on_git\computing-the-shortest-path-on-graph\prolab\debug\prolab.tlog\system.wındows.forms.dll.metagen
d:\projects\development_on_git\computing-the-shortest-path-on-graph\prolab\debug\prolab.tlog\system.xml.dll.metagen
